<?xml version="1.0" encoding="UTF-8"?>
<testng-results skipped="0" failed="0" ignored="0" total="4" passed="4">
  <reporter-output>
  </reporter-output>
  <suite name="Free CRM Test Automation" duration-ms="28" started-at="2018-09-13T14:00:37Z" finished-at="2018-09-13T14:00:37Z">
    <groups>
    </groups>
    <test name="Free CRM Sanity Test" duration-ms="28" started-at="2018-09-13T14:00:37Z" finished-at="2018-09-13T14:00:37Z">
      <class name="com.maven.demo.DemoTest2">
        <test-method status="PASS" signature="sub()[pri:0, instance:com.maven.demo.DemoTest2@58ceff1]" name="sub" duration-ms="9" started-at="2018-09-13T19:30:37Z" finished-at="2018-09-13T19:30:37Z">
          <reporter-output>
          </reporter-output>
        </test-method> <!-- sub -->
        <test-method status="PASS" signature="sum()[pri:0, instance:com.maven.demo.DemoTest2@58ceff1]" name="sum" duration-ms="0" started-at="2018-09-13T19:30:37Z" finished-at="2018-09-13T19:30:37Z">
          <reporter-output>
          </reporter-output>
        </test-method> <!-- sum -->
      </class> <!-- com.maven.demo.DemoTest2 -->
      <class name="com.maven.demo.DemoTest">
        <test-method status="PASS" signature="sum()[pri:0, instance:com.maven.demo.DemoTest@2133c8f8]" name="sum" duration-ms="0" started-at="2018-09-13T19:30:37Z" finished-at="2018-09-13T19:30:37Z">
          <reporter-output>
          </reporter-output>
        </test-method> <!-- sum -->
        <test-method status="PASS" signature="sub()[pri:0, instance:com.maven.demo.DemoTest@2133c8f8]" name="sub" duration-ms="0" started-at="2018-09-13T19:30:37Z" finished-at="2018-09-13T19:30:37Z">
          <reporter-output>
          </reporter-output>
        </test-method> <!-- sub -->
      </class> <!-- com.maven.demo.DemoTest -->
    </test> <!-- Free CRM Sanity Test -->
  </suite> <!-- Free CRM Test Automation -->
</testng-results>
