<?xml version="1.0" encoding="UTF-8"?>
<!-- Generated by org.testng.reporters.JUnitXMLReporter -->
<testsuite hostname="AKKYU01-5520" ignored="0" name="Free CRM Sanity Test" tests="4" failures="0" timestamp="13 Sep 2018 14:00:38 GMT" time="0.028" errors="0">
  <testcase name="sub" time="0.009" classname="com.maven.demo.DemoTest2"/>
  <testcase name="sum" time="0.0" classname="com.maven.demo.DemoTest2"/>
  <testcase name="sub" time="0.0" classname="com.maven.demo.DemoTest"/>
  <testcase name="sum" time="0.0" classname="com.maven.demo.DemoTest"/>
</testsuite> <!-- Free CRM Sanity Test -->
