<?xml version="1.0" encoding="UTF-8"?>
<testng-results skipped="0" failed="0" ignored="0" total="2" passed="2">
  <reporter-output>
  </reporter-output>
  <suite name="Default suite" duration-ms="25" started-at="2018-09-12T18:02:40Z" finished-at="2018-09-12T18:02:40Z">
    <groups>
    </groups>
    <test name="Default test" duration-ms="25" started-at="2018-09-12T18:02:40Z" finished-at="2018-09-12T18:02:40Z">
      <class name="com.maven.demo.DemoTest">
        <test-method status="PASS" signature="sub()[pri:0, instance:com.maven.demo.DemoTest@b97c004]" name="sub" duration-ms="8" started-at="2018-09-12T23:32:40Z" finished-at="2018-09-12T23:32:40Z">
          <reporter-output>
          </reporter-output>
        </test-method> <!-- sub -->
        <test-method status="PASS" signature="sum()[pri:0, instance:com.maven.demo.DemoTest@b97c004]" name="sum" duration-ms="1" started-at="2018-09-12T23:32:40Z" finished-at="2018-09-12T23:32:40Z">
          <reporter-output>
          </reporter-output>
        </test-method> <!-- sum -->
      </class> <!-- com.maven.demo.DemoTest -->
    </test> <!-- Default test -->
  </suite> <!-- Default suite -->
</testng-results>
